[21-Jul-2020 07:41:29 Asia/Tokyo] PHP Notice:  Undefined index: trainer in /Applications/MAMP/htdocs/php_obj_op/index.php on line 151
[21-Jul-2020 07:41:29 Asia/Tokyo] PHP Fatal error:  Uncaught Error: Call to a member function getName() on null in /Applications/MAMP/htdocs/php_obj_op/index.php:151
Stack trace:
#0 {main}
  thrown in /Applications/MAMP/htdocs/php_obj_op/index.php on line 151
[22-Jul-2020 21:00:04 Asia/Tokyo] POSTされた！
[22-Jul-2020 21:00:04 Asia/Tokyo] PHP Fatal error:  Uncaught Error: Call to undefined method Trainer::getMenu() in /Applications/MAMP/htdocs/php_obj_op/index.php:215
Stack trace:
#0 {main}
  thrown in /Applications/MAMP/htdocs/php_obj_op/index.php on line 215
[22-Jul-2020 21:04:26 Asia/Tokyo] POSTされた！
[22-Jul-2020 21:04:26 Asia/Tokyo] PHP Notice:  Undefined offset: 3 in /Applications/MAMP/htdocs/php_obj_op/index.php on line 142
[22-Jul-2020 21:04:26 Asia/Tokyo] PHP Fatal error:  Uncaught Error: Call to a member function getName() on null in /Applications/MAMP/htdocs/php_obj_op/index.php:143
Stack trace:
#0 /Applications/MAMP/htdocs/php_obj_op/index.php(155): createTrainer()
#1 /Applications/MAMP/htdocs/php_obj_op/index.php(169): init()
#2 {main}
  thrown in /Applications/MAMP/htdocs/php_obj_op/index.php on line 143
[22-Jul-2020 21:04:31 Asia/Tokyo] POSTされた！
[22-Jul-2020 21:04:31 Asia/Tokyo] PHP Notice:  Undefined offset: 4 in /Applications/MAMP/htdocs/php_obj_op/index.php on line 142
[22-Jul-2020 21:04:31 Asia/Tokyo] PHP Fatal error:  Uncaught Error: Call to a member function getName() on null in /Applications/MAMP/htdocs/php_obj_op/index.php:143
Stack trace:
#0 /Applications/MAMP/htdocs/php_obj_op/index.php(155): createTrainer()
#1 /Applications/MAMP/htdocs/php_obj_op/index.php(169): init()
#2 {main}
  thrown in /Applications/MAMP/htdocs/php_obj_op/index.php on line 143
[22-Jul-2020 21:05:04 Asia/Tokyo] POSTされた！
[22-Jul-2020 21:05:04 Asia/Tokyo] PHP Notice:  Undefined offset: 5 in /Applications/MAMP/htdocs/php_obj_op/index.php on line 142
[22-Jul-2020 21:05:04 Asia/Tokyo] PHP Fatal error:  Uncaught Error: Call to a member function getName() on null in /Applications/MAMP/htdocs/php_obj_op/index.php:143
Stack trace:
#0 /Applications/MAMP/htdocs/php_obj_op/index.php(155): createTrainer()
#1 /Applications/MAMP/htdocs/php_obj_op/index.php(169): init()
#2 {main}
  thrown in /Applications/MAMP/htdocs/php_obj_op/index.php on line 143
[22-Jul-2020 21:05:21 Asia/Tokyo] POSTされた！
[22-Jul-2020 21:05:21 Asia/Tokyo] PHP Fatal error:  Uncaught Error: Call to undefined method SuperSet::getMenu() in /Applications/MAMP/htdocs/php_obj_op/index.php:215
Stack trace:
#0 {main}
  thrown in /Applications/MAMP/htdocs/php_obj_op/index.php on line 215
[22-Jul-2020 21:08:08 Asia/Tokyo] POSTされた！
[22-Jul-2020 21:09:17 Asia/Tokyo] POSTされた！
[22-Jul-2020 21:09:17 Asia/Tokyo] PHP Notice:  Undefined offset: 7 in /Applications/MAMP/htdocs/php_obj_op/index.php on line 142
[22-Jul-2020 21:09:17 Asia/Tokyo] PHP Fatal error:  Uncaught Error: Call to a member function getName() on null in /Applications/MAMP/htdocs/php_obj_op/index.php:143
Stack trace:
#0 /Applications/MAMP/htdocs/php_obj_op/index.php(182): createTrainer()
#1 {main}
  thrown in /Applications/MAMP/htdocs/php_obj_op/index.php on line 143
[22-Jul-2020 21:09:23 Asia/Tokyo] POSTされた！
[22-Jul-2020 21:09:23 Asia/Tokyo] PHP Notice:  Undefined offset: 3 in /Applications/MAMP/htdocs/php_obj_op/index.php on line 142
[22-Jul-2020 21:09:23 Asia/Tokyo] PHP Fatal error:  Uncaught Error: Call to a member function getName() on null in /Applications/MAMP/htdocs/php_obj_op/index.php:143
Stack trace:
#0 /Applications/MAMP/htdocs/php_obj_op/index.php(182): createTrainer()
#1 {main}
  thrown in /Applications/MAMP/htdocs/php_obj_op/index.php on line 143
[22-Jul-2020 21:09:30 Asia/Tokyo] POSTされた！
[22-Jul-2020 21:09:30 Asia/Tokyo] PHP Notice:  Undefined offset: 6 in /Applications/MAMP/htdocs/php_obj_op/index.php on line 142
[22-Jul-2020 21:09:30 Asia/Tokyo] PHP Fatal error:  Uncaught Error: Call to a member function getName() on null in /Applications/MAMP/htdocs/php_obj_op/index.php:143
Stack trace:
#0 /Applications/MAMP/htdocs/php_obj_op/index.php(188): createTrainer()
#1 {main}
  thrown in /Applications/MAMP/htdocs/php_obj_op/index.php on line 143
[23-Jul-2020 08:38:51 Asia/Tokyo] POSTされた！
[23-Jul-2020 08:39:00 Asia/Tokyo] POSTされた！
[23-Jul-2020 08:39:18 Asia/Tokyo] POSTされた！
[23-Jul-2020 08:39:26 Asia/Tokyo] POSTされた！
[23-Jul-2020 08:39:28 Asia/Tokyo] POSTされた！
[23-Jul-2020 08:39:28 Asia/Tokyo] PHP Notice:  Undefined offset: 5 in /Applications/MAMP/htdocs/php_obj_op/index.php on line 142
[23-Jul-2020 08:39:28 Asia/Tokyo] PHP Fatal error:  Uncaught Error: Call to a member function getName() on null in /Applications/MAMP/htdocs/php_obj_op/index.php:143
Stack trace:
#0 /Applications/MAMP/htdocs/php_obj_op/index.php(182): createTrainer()
#1 {main}
  thrown in /Applications/MAMP/htdocs/php_obj_op/index.php on line 143
[23-Jul-2020 08:39:32 Asia/Tokyo] POSTされた！
[23-Jul-2020 08:44:08 Asia/Tokyo] POSTされた！
[23-Jul-2020 08:44:08 Asia/Tokyo] PHP Notice:  Undefined offset: 6 in /Applications/MAMP/htdocs/php_obj_op/index.php on line 142
[23-Jul-2020 08:44:08 Asia/Tokyo] PHP Fatal error:  Uncaught Error: Call to a member function getName() on null in /Applications/MAMP/htdocs/php_obj_op/index.php:143
Stack trace:
#0 /Applications/MAMP/htdocs/php_obj_op/index.php(182): createTrainer()
#1 {main}
  thrown in /Applications/MAMP/htdocs/php_obj_op/index.php on line 143
[23-Jul-2020 08:44:13 Asia/Tokyo] POSTされた！
[23-Jul-2020 08:44:18 Asia/Tokyo] POSTされた！
[23-Jul-2020 08:44:18 Asia/Tokyo] PHP Notice:  Undefined offset: 6 in /Applications/MAMP/htdocs/php_obj_op/index.php on line 142
[23-Jul-2020 08:44:18 Asia/Tokyo] PHP Fatal error:  Uncaught Error: Call to a member function getName() on null in /Applications/MAMP/htdocs/php_obj_op/index.php:143
Stack trace:
#0 /Applications/MAMP/htdocs/php_obj_op/index.php(155): createTrainer()
#1 /Applications/MAMP/htdocs/php_obj_op/index.php(169): init()
#2 {main}
  thrown in /Applications/MAMP/htdocs/php_obj_op/index.php on line 143
[23-Jul-2020 08:44:23 Asia/Tokyo] POSTされた！
[23-Jul-2020 08:44:23 Asia/Tokyo] PHP Notice:  Undefined offset: 4 in /Applications/MAMP/htdocs/php_obj_op/index.php on line 142
[23-Jul-2020 08:44:23 Asia/Tokyo] PHP Fatal error:  Uncaught Error: Call to a member function getName() on null in /Applications/MAMP/htdocs/php_obj_op/index.php:143
Stack trace:
#0 /Applications/MAMP/htdocs/php_obj_op/index.php(155): createTrainer()
#1 /Applications/MAMP/htdocs/php_obj_op/index.php(169): init()
#2 {main}
  thrown in /Applications/MAMP/htdocs/php_obj_op/index.php on line 143
[23-Jul-2020 09:20:51 Asia/Tokyo] POSTされた！
[23-Jul-2020 09:20:51 Asia/Tokyo] PHP Notice:  Undefined offset: 7 in /Applications/MAMP/htdocs/php_obj_op/index.php on line 142
[23-Jul-2020 09:20:51 Asia/Tokyo] PHP Fatal error:  Uncaught Error: Call to a member function getName() on null in /Applications/MAMP/htdocs/php_obj_op/index.php:143
Stack trace:
#0 /Applications/MAMP/htdocs/php_obj_op/index.php(155): createTrainer()
#1 /Applications/MAMP/htdocs/php_obj_op/index.php(169): init()
#2 {main}
  thrown in /Applications/MAMP/htdocs/php_obj_op/index.php on line 143
[23-Jul-2020 09:21:38 Asia/Tokyo] POSTされた！
[23-Jul-2020 09:21:53 Asia/Tokyo] POSTされた！
[23-Jul-2020 09:21:59 Asia/Tokyo] POSTされた！
[23-Jul-2020 09:45:17 Asia/Tokyo] POSTされた！
[23-Jul-2020 09:45:23 Asia/Tokyo] POSTされた！
[23-Jul-2020 09:49:49 Asia/Tokyo] POSTされた！
[23-Jul-2020 09:49:49 Asia/Tokyo] PHP Notice:  Undefined offset: 4 in /Applications/MAMP/htdocs/php_obj_op/index.php on line 142
[23-Jul-2020 09:49:49 Asia/Tokyo] PHP Fatal error:  Uncaught Error: Call to a member function getName() on null in /Applications/MAMP/htdocs/php_obj_op/index.php:143
Stack trace:
#0 /Applications/MAMP/htdocs/php_obj_op/index.php(182): createTrainer()
#1 {main}
  thrown in /Applications/MAMP/htdocs/php_obj_op/index.php on line 143
[23-Jul-2020 09:49:54 Asia/Tokyo] POSTされた！
[23-Jul-2020 09:49:54 Asia/Tokyo] PHP Notice:  Undefined offset: 5 in /Applications/MAMP/htdocs/php_obj_op/index.php on line 142
[23-Jul-2020 09:49:54 Asia/Tokyo] PHP Fatal error:  Uncaught Error: Call to a member function getName() on null in /Applications/MAMP/htdocs/php_obj_op/index.php:143
Stack trace:
#0 /Applications/MAMP/htdocs/php_obj_op/index.php(182): createTrainer()
#1 {main}
  thrown in /Applications/MAMP/htdocs/php_obj_op/index.php on line 143
[23-Jul-2020 09:50:17 Asia/Tokyo] POSTされた！
[23-Jul-2020 09:50:17 Asia/Tokyo] PHP Notice:  Undefined offset: 7 in /Applications/MAMP/htdocs/php_obj_op/index.php on line 142
[23-Jul-2020 09:50:17 Asia/Tokyo] PHP Fatal error:  Uncaught Error: Call to a member function getName() on null in /Applications/MAMP/htdocs/php_obj_op/index.php:143
Stack trace:
#0 /Applications/MAMP/htdocs/php_obj_op/index.php(188): createTrainer()
#1 {main}
  thrown in /Applications/MAMP/htdocs/php_obj_op/index.php on line 143
[23-Jul-2020 09:53:35 Asia/Tokyo] POSTされた！
[23-Jul-2020 09:53:35 Asia/Tokyo] PHP Notice:  Undefined offset: 4 in /Applications/MAMP/htdocs/php_obj_op/index.php on line 142
[23-Jul-2020 09:53:35 Asia/Tokyo] PHP Fatal error:  Uncaught Error: Call to a member function getName() on null in /Applications/MAMP/htdocs/php_obj_op/index.php:143
Stack trace:
#0 /Applications/MAMP/htdocs/php_obj_op/index.php(188): createTrainer()
#1 {main}
  thrown in /Applications/MAMP/htdocs/php_obj_op/index.php on line 143
[23-Jul-2020 09:53:39 Asia/Tokyo] POSTされた！
[23-Jul-2020 09:56:29 Asia/Tokyo] POSTされた！
[23-Jul-2020 09:56:29 Asia/Tokyo] PHP Notice:  Undefined offset: 6 in /Applications/MAMP/htdocs/php_obj_op/index.php on line 142
[23-Jul-2020 09:56:29 Asia/Tokyo] PHP Fatal error:  Uncaught Error: Call to a member function getName() on null in /Applications/MAMP/htdocs/php_obj_op/index.php:143
Stack trace:
#0 /Applications/MAMP/htdocs/php_obj_op/index.php(188): createTrainer()
#1 {main}
  thrown in /Applications/MAMP/htdocs/php_obj_op/index.php on line 143
[23-Jul-2020 09:56:32 Asia/Tokyo] POSTされた！
[23-Jul-2020 09:56:32 Asia/Tokyo] PHP Notice:  Undefined offset: 5 in /Applications/MAMP/htdocs/php_obj_op/index.php on line 142
[23-Jul-2020 09:56:32 Asia/Tokyo] PHP Fatal error:  Uncaught Error: Call to a member function getName() on null in /Applications/MAMP/htdocs/php_obj_op/index.php:143
Stack trace:
#0 /Applications/MAMP/htdocs/php_obj_op/index.php(188): createTrainer()
#1 {main}
  thrown in /Applications/MAMP/htdocs/php_obj_op/index.php on line 143
[23-Jul-2020 09:56:54 Asia/Tokyo] POSTされた！
[23-Jul-2020 09:56:54 Asia/Tokyo] PHP Notice:  Undefined offset: 6 in /Applications/MAMP/htdocs/php_obj_op/index.php on line 142
[23-Jul-2020 09:56:54 Asia/Tokyo] PHP Fatal error:  Uncaught Error: Call to a member function getName() on null in /Applications/MAMP/htdocs/php_obj_op/index.php:143
Stack trace:
#0 /Applications/MAMP/htdocs/php_obj_op/index.php(155): createTrainer()
#1 /Applications/MAMP/htdocs/php_obj_op/index.php(169): init()
#2 {main}
  thrown in /Applications/MAMP/htdocs/php_obj_op/index.php on line 143
[23-Jul-2020 10:05:11 Asia/Tokyo] POSTされた！
[23-Jul-2020 10:05:21 Asia/Tokyo] POSTされた！
[23-Jul-2020 10:05:21 Asia/Tokyo] PHP Notice:  Undefined offset: 4 in /Applications/MAMP/htdocs/php_obj_op/index.php on line 142
[23-Jul-2020 10:05:21 Asia/Tokyo] PHP Fatal error:  Uncaught Error: Call to a member function getName() on null in /Applications/MAMP/htdocs/php_obj_op/index.php:143
Stack trace:
#0 /Applications/MAMP/htdocs/php_obj_op/index.php(182): createTrainer()
#1 {main}
  thrown in /Applications/MAMP/htdocs/php_obj_op/index.php on line 143
[23-Jul-2020 10:05:27 Asia/Tokyo] POSTされた！
[23-Jul-2020 10:05:27 Asia/Tokyo] PHP Notice:  Undefined offset: 4 in /Applications/MAMP/htdocs/php_obj_op/index.php on line 142
[23-Jul-2020 10:05:27 Asia/Tokyo] PHP Fatal error:  Uncaught Error: Call to a member function getName() on null in /Applications/MAMP/htdocs/php_obj_op/index.php:143
Stack trace:
#0 /Applications/MAMP/htdocs/php_obj_op/index.php(155): createTrainer()
#1 /Applications/MAMP/htdocs/php_obj_op/index.php(169): init()
#2 {main}
  thrown in /Applications/MAMP/htdocs/php_obj_op/index.php on line 143
[23-Jul-2020 10:07:00 Asia/Tokyo] POSTされた！
[23-Jul-2020 10:07:06 Asia/Tokyo] POSTされた！
[23-Jul-2020 10:10:51 Asia/Tokyo] POSTされた！
[23-Jul-2020 10:14:03 Asia/Tokyo] POSTされた！
[23-Jul-2020 12:03:27 Asia/Tokyo] POSTされた！
[23-Jul-2020 12:03:30 Asia/Tokyo] POSTされた！
[23-Jul-2020 12:03:36 Asia/Tokyo] POSTされた！
[23-Jul-2020 12:03:49 Asia/Tokyo] POSTされた！
[23-Jul-2020 12:04:00 Asia/Tokyo] POSTされた！
[23-Jul-2020 12:10:11 Asia/Tokyo] POSTされた！
[23-Jul-2020 12:10:11 Asia/Tokyo] PHP Warning:  mt_rand(): max(10) is smaller than min(20) in /Applications/MAMP/htdocs/php_obj_op/index.php on line 35
[23-Jul-2020 12:10:16 Asia/Tokyo] POSTされた！
[23-Jul-2020 12:10:22 Asia/Tokyo] POSTされた！
[23-Jul-2020 12:10:30 Asia/Tokyo] POSTされた！
[23-Jul-2020 12:23:14 Asia/Tokyo] PHP Fatal error:  Uncaught Error: Call to undefined function empyt() in /Applications/MAMP/htdocs/php_obj_op/index.php:165
Stack trace:
#0 {main}
  thrown in /Applications/MAMP/htdocs/php_obj_op/index.php on line 165
[23-Jul-2020 12:24:16 Asia/Tokyo] PHP Fatal error:  Uncaught Error: Call to undefined function empyt() in /Applications/MAMP/htdocs/php_obj_op/index.php:165
Stack trace:
#0 {main}
  thrown in /Applications/MAMP/htdocs/php_obj_op/index.php on line 165
[23-Jul-2020 12:25:56 Asia/Tokyo] PHP Fatal error:  Uncaught Error: Call to undefined function empyt() in /Applications/MAMP/htdocs/php_obj_op/index.php:165
Stack trace:
#0 {main}
  thrown in /Applications/MAMP/htdocs/php_obj_op/index.php on line 165
[23-Jul-2020 12:27:41 Asia/Tokyo] POSTされた！
[23-Jul-2020 12:27:41 Asia/Tokyo] PHP Notice:  Undefined index: human in /Applications/MAMP/htdocs/php_obj_op/index.php on line 174
[23-Jul-2020 12:27:41 Asia/Tokyo] PHP Fatal error:  Uncaught Error: Call to a member function getName() on null in /Applications/MAMP/htdocs/php_obj_op/index.php:174
Stack trace:
#0 {main}
  thrown in /Applications/MAMP/htdocs/php_obj_op/index.php on line 174
[23-Jul-2020 12:28:16 Asia/Tokyo] POSTされた！
[23-Jul-2020 12:28:16 Asia/Tokyo] PHP Notice:  Undefined index: human in /Applications/MAMP/htdocs/php_obj_op/index.php on line 174
[23-Jul-2020 12:28:16 Asia/Tokyo] PHP Fatal error:  Uncaught Error: Call to a member function getName() on null in /Applications/MAMP/htdocs/php_obj_op/index.php:174
Stack trace:
#0 {main}
  thrown in /Applications/MAMP/htdocs/php_obj_op/index.php on line 174
[23-Jul-2020 12:29:36 Asia/Tokyo] POSTされた！
[23-Jul-2020 12:29:43 Asia/Tokyo] POSTされた！
[23-Jul-2020 12:29:43 Asia/Tokyo] PHP Warning:  mt_rand(): max(10) is smaller than min(30) in /Applications/MAMP/htdocs/php_obj_op/index.php on line 35
[23-Jul-2020 12:29:57 Asia/Tokyo] POSTされた！
[23-Jul-2020 12:29:57 Asia/Tokyo] PHP Warning:  mt_rand(): max(10) is smaller than min(30) in /Applications/MAMP/htdocs/php_obj_op/index.php on line 35
[23-Jul-2020 12:30:22 Asia/Tokyo] PHP Fatal error:  Uncaught Error: Call to undefined function empyt() in /Applications/MAMP/htdocs/php_obj_op/index.php:165
Stack trace:
#0 {main}
  thrown in /Applications/MAMP/htdocs/php_obj_op/index.php on line 165
[23-Jul-2020 12:30:41 Asia/Tokyo] PHP Fatal error:  Uncaught Error: Call to undefined function empyt() in /Applications/MAMP/htdocs/php_obj_op/index.php:165
Stack trace:
#0 {main}
  thrown in /Applications/MAMP/htdocs/php_obj_op/index.php on line 165
[23-Jul-2020 12:30:51 Asia/Tokyo] PHP Fatal error:  Uncaught Error: Call to undefined function empyt() in /Applications/MAMP/htdocs/php_obj_op/index.php:165
Stack trace:
#0 {main}
  thrown in /Applications/MAMP/htdocs/php_obj_op/index.php on line 165
[23-Jul-2020 12:31:21 Asia/Tokyo] PHP Fatal error:  Uncaught Error: Call to undefined function empyt() in /Applications/MAMP/htdocs/php_obj_op/index.php:165
Stack trace:
#0 {main}
  thrown in /Applications/MAMP/htdocs/php_obj_op/index.php on line 165
[23-Jul-2020 12:38:28 Asia/Tokyo] PHP Fatal error:  Uncaught Error: Call to undefined function empyt() in /Applications/MAMP/htdocs/php_obj_op/index.php:165
Stack trace:
#0 {main}
  thrown in /Applications/MAMP/htdocs/php_obj_op/index.php on line 165
[23-Jul-2020 12:42:53 Asia/Tokyo] PHP Fatal error:  Uncaught Error: Call to undefined function empyt() in /Applications/MAMP/htdocs/php_obj_op/index.php:165
Stack trace:
#0 {main}
  thrown in /Applications/MAMP/htdocs/php_obj_op/index.php on line 165
[23-Jul-2020 12:49:12 Asia/Tokyo] POSTされた！
[23-Jul-2020 12:49:16 Asia/Tokyo] POSTされた！
[23-Jul-2020 12:49:16 Asia/Tokyo] PHP Warning:  mt_rand(): max(10) is smaller than min(30) in /Applications/MAMP/htdocs/php_obj_op/index.php on line 35
[23-Jul-2020 21:04:36 Asia/Tokyo] POSTされた！
[23-Jul-2020 21:04:36 Asia/Tokyo] PHP Warning:  mt_rand(): max(10) is smaller than min(30) in /Applications/MAMP/htdocs/php_obj_op/index.php on line 35
[23-Jul-2020 21:05:16 Asia/Tokyo] POSTされた！
[23-Jul-2020 21:05:22 Asia/Tokyo] POSTされた！
[23-Jul-2020 21:05:26 Asia/Tokyo] POSTされた！
[23-Jul-2020 21:05:26 Asia/Tokyo] PHP Warning:  mt_rand(): max(10) is smaller than min(20) in /Applications/MAMP/htdocs/php_obj_op/index.php on line 35
[23-Jul-2020 21:05:35 Asia/Tokyo] POSTされた！
[23-Jul-2020 21:05:35 Asia/Tokyo] PHP Warning:  mt_rand(): max(10) is smaller than min(30) in /Applications/MAMP/htdocs/php_obj_op/index.php on line 35
[23-Jul-2020 21:05:38 Asia/Tokyo] POSTされた！
[23-Jul-2020 21:05:38 Asia/Tokyo] PHP Warning:  mt_rand(): max(10) is smaller than min(30) in /Applications/MAMP/htdocs/php_obj_op/index.php on line 35
[23-Jul-2020 21:05:40 Asia/Tokyo] POSTされた！
[23-Jul-2020 21:05:40 Asia/Tokyo] PHP Warning:  mt_rand(): max(10) is smaller than min(30) in /Applications/MAMP/htdocs/php_obj_op/index.php on line 35
[23-Jul-2020 21:05:43 Asia/Tokyo] POSTされた！
[23-Jul-2020 21:05:43 Asia/Tokyo] PHP Warning:  mt_rand(): max(10) is smaller than min(20) in /Applications/MAMP/htdocs/php_obj_op/index.php on line 35
[23-Jul-2020 21:05:45 Asia/Tokyo] POSTされた！
[23-Jul-2020 21:13:16 Asia/Tokyo] POSTされた！
[23-Jul-2020 21:13:19 Asia/Tokyo] POSTされた！
[23-Jul-2020 21:13:22 Asia/Tokyo] POSTされた！
[23-Jul-2020 21:13:37 Asia/Tokyo] POSTされた！
[23-Jul-2020 21:13:41 Asia/Tokyo] POSTされた！
[23-Jul-2020 21:15:29 Asia/Tokyo] POSTされた！
[23-Jul-2020 21:15:29 Asia/Tokyo] PHP Notice:  Undefined index: human in /Applications/MAMP/htdocs/php_obj_op/index.php on line 173
[23-Jul-2020 21:15:29 Asia/Tokyo] PHP Fatal error:  Uncaught Error: Call to a member function getName() on null in /Applications/MAMP/htdocs/php_obj_op/index.php:173
Stack trace:
#0 {main}
  thrown in /Applications/MAMP/htdocs/php_obj_op/index.php on line 173
[23-Jul-2020 21:16:02 Asia/Tokyo] POSTされた！
[23-Jul-2020 21:16:10 Asia/Tokyo] POSTされた！
[23-Jul-2020 21:16:49 Asia/Tokyo] POSTされた！
[23-Jul-2020 21:16:51 Asia/Tokyo] POSTされた！
[23-Jul-2020 21:16:55 Asia/Tokyo] POSTされた！
[23-Jul-2020 21:16:55 Asia/Tokyo] PHP Warning:  mt_rand(): max(10) is smaller than min(30) in /Applications/MAMP/htdocs/php_obj_op/index.php on line 35
[23-Jul-2020 21:20:41 Asia/Tokyo] POSTされた！
[23-Jul-2020 21:20:41 Asia/Tokyo] PHP Warning:  mt_rand(): max(10) is smaller than min(30) in /Applications/MAMP/htdocs/php_obj_op/index.php on line 35
[23-Jul-2020 21:20:43 Asia/Tokyo] POSTされた！
[23-Jul-2020 21:20:43 Asia/Tokyo] PHP Warning:  mt_rand(): max(10) is smaller than min(30) in /Applications/MAMP/htdocs/php_obj_op/index.php on line 35
[23-Jul-2020 21:20:46 Asia/Tokyo] POSTされた！
[23-Jul-2020 21:20:46 Asia/Tokyo] PHP Warning:  mt_rand(): max(10) is smaller than min(20) in /Applications/MAMP/htdocs/php_obj_op/index.php on line 35
[23-Jul-2020 21:20:47 Asia/Tokyo] POSTされた！
[23-Jul-2020 21:20:47 Asia/Tokyo] PHP Warning:  mt_rand(): max(10) is smaller than min(20) in /Applications/MAMP/htdocs/php_obj_op/index.php on line 35
[23-Jul-2020 21:20:49 Asia/Tokyo] POSTされた！
[23-Jul-2020 21:20:49 Asia/Tokyo] PHP Warning:  mt_rand(): max(10) is smaller than min(20) in /Applications/MAMP/htdocs/php_obj_op/index.php on line 35
[23-Jul-2020 21:20:52 Asia/Tokyo] POSTされた！
[23-Jul-2020 21:27:21 Asia/Tokyo] POSTされた！
[23-Jul-2020 21:27:24 Asia/Tokyo] POSTされた！
[23-Jul-2020 21:27:24 Asia/Tokyo] PHP Warning:  mt_rand(): max(10) is smaller than min(30) in /Applications/MAMP/htdocs/php_obj_op/index.php on line 35
[23-Jul-2020 21:31:05 Asia/Tokyo] POSTされた！
[23-Jul-2020 21:31:05 Asia/Tokyo] PHP Warning:  mt_rand(): max(10) is smaller than min(30) in /Applications/MAMP/htdocs/php_obj_op/index.php on line 35
[23-Jul-2020 21:31:11 Asia/Tokyo] POSTされた！
[23-Jul-2020 21:31:11 Asia/Tokyo] PHP Warning:  mt_rand(): max(10) is smaller than min(30) in /Applications/MAMP/htdocs/php_obj_op/index.php on line 35
[23-Jul-2020 21:32:52 Asia/Tokyo] POSTされた！
[23-Jul-2020 21:32:52 Asia/Tokyo] PHP Warning:  mt_rand(): max(10) is smaller than min(30) in /Applications/MAMP/htdocs/php_obj_op/index.php on line 35
[23-Jul-2020 21:34:39 Asia/Tokyo] POSTされた！
[23-Jul-2020 21:34:39 Asia/Tokyo] PHP Warning:  mt_rand(): max(10) is smaller than min(30) in /Applications/MAMP/htdocs/php_obj_op/index.php on line 63
[23-Jul-2020 21:34:43 Asia/Tokyo] POSTされた！
[23-Jul-2020 21:34:45 Asia/Tokyo] POSTされた！
[23-Jul-2020 21:34:45 Asia/Tokyo] PHP Warning:  mt_rand(): max(10) is smaller than min(30) in /Applications/MAMP/htdocs/php_obj_op/index.php on line 63
[23-Jul-2020 21:36:09 Asia/Tokyo] POSTされた！
[23-Jul-2020 21:36:09 Asia/Tokyo] PHP Warning:  mt_rand(): max(10) is smaller than min(30) in /Applications/MAMP/htdocs/php_obj_op/index.php on line 35
[23-Jul-2020 21:36:14 Asia/Tokyo] POSTされた！
[23-Jul-2020 21:36:14 Asia/Tokyo] PHP Warning:  mt_rand(): max(10) is smaller than min(30) in /Applications/MAMP/htdocs/php_obj_op/index.php on line 35
[23-Jul-2020 21:38:36 Asia/Tokyo] POSTされた！
[23-Jul-2020 21:38:36 Asia/Tokyo] PHP Warning:  mt_rand(): max(10) is smaller than min(30) in /Applications/MAMP/htdocs/php_obj_op/index.php on line 35
[23-Jul-2020 21:38:38 Asia/Tokyo] POSTされた！
[23-Jul-2020 21:38:40 Asia/Tokyo] POSTされた！
[23-Jul-2020 21:40:47 Asia/Tokyo] POSTされた！
[23-Jul-2020 21:40:50 Asia/Tokyo] POSTされた！
[23-Jul-2020 21:40:52 Asia/Tokyo] POSTされた！
[23-Jul-2020 21:40:54 Asia/Tokyo] POSTされた！
[23-Jul-2020 22:34:24 Asia/Tokyo] POSTされた！
[23-Jul-2020 22:34:28 Asia/Tokyo] POSTされた！
[23-Jul-2020 22:34:30 Asia/Tokyo] POSTされた！
[23-Jul-2020 22:34:31 Asia/Tokyo] POSTされた！
[23-Jul-2020 22:34:32 Asia/Tokyo] POSTされた！
[23-Jul-2020 22:34:32 Asia/Tokyo] POSTされた！
[23-Jul-2020 22:34:34 Asia/Tokyo] POSTされた！
[23-Jul-2020 22:34:35 Asia/Tokyo] POSTされた！
[23-Jul-2020 22:34:37 Asia/Tokyo] POSTされた！
[23-Jul-2020 22:34:38 Asia/Tokyo] POSTされた！
[23-Jul-2020 22:34:39 Asia/Tokyo] POSTされた！
[23-Jul-2020 22:34:40 Asia/Tokyo] POSTされた！
[23-Jul-2020 22:34:42 Asia/Tokyo] POSTされた！
[23-Jul-2020 22:34:44 Asia/Tokyo] POSTされた！
[23-Jul-2020 22:34:47 Asia/Tokyo] POSTされた！
[23-Jul-2020 22:35:43 Asia/Tokyo] POSTされた！
[23-Jul-2020 22:35:45 Asia/Tokyo] POSTされた！
[23-Jul-2020 22:35:47 Asia/Tokyo] POSTされた！
[23-Jul-2020 22:35:48 Asia/Tokyo] POSTされた！
[23-Jul-2020 22:35:51 Asia/Tokyo] POSTされた！
[23-Jul-2020 22:37:54 Asia/Tokyo] POSTされた！
[23-Jul-2020 22:37:55 Asia/Tokyo] POSTされた！
[23-Jul-2020 22:37:59 Asia/Tokyo] POSTされた！
[23-Jul-2020 22:38:04 Asia/Tokyo] POSTされた！
[23-Jul-2020 22:38:05 Asia/Tokyo] POSTされた！
[23-Jul-2020 22:38:05 Asia/Tokyo] POSTされた！
[23-Jul-2020 22:47:16 Asia/Tokyo] POSTされた！
[23-Jul-2020 22:47:17 Asia/Tokyo] POSTされた！
[23-Jul-2020 22:47:19 Asia/Tokyo] POSTされた！
[23-Jul-2020 22:47:20 Asia/Tokyo] POSTされた！
[23-Jul-2020 22:47:21 Asia/Tokyo] POSTされた！
[23-Jul-2020 22:47:21 Asia/Tokyo] POSTされた！
[23-Jul-2020 22:47:23 Asia/Tokyo] POSTされた！
[23-Jul-2020 22:47:24 Asia/Tokyo] POSTされた！
[23-Jul-2020 22:47:25 Asia/Tokyo] POSTされた！
[23-Jul-2020 22:47:25 Asia/Tokyo] POSTされた！
[23-Jul-2020 22:47:26 Asia/Tokyo] POSTされた！
[23-Jul-2020 22:47:26 Asia/Tokyo] POSTされた！
[23-Jul-2020 22:47:28 Asia/Tokyo] POSTされた！
[23-Jul-2020 22:47:28 Asia/Tokyo] POSTされた！
[23-Jul-2020 22:47:29 Asia/Tokyo] POSTされた！
[23-Jul-2020 22:47:29 Asia/Tokyo] POSTされた！
[23-Jul-2020 22:47:29 Asia/Tokyo] POSTされた！
[23-Jul-2020 22:47:30 Asia/Tokyo] POSTされた！
[23-Jul-2020 22:47:30 Asia/Tokyo] POSTされた！
[23-Jul-2020 22:47:30 Asia/Tokyo] POSTされた！
[23-Jul-2020 22:47:30 Asia/Tokyo] POSTされた！
[23-Jul-2020 22:47:31 Asia/Tokyo] POSTされた！
[23-Jul-2020 22:47:31 Asia/Tokyo] POSTされた！
[23-Jul-2020 22:47:31 Asia/Tokyo] POSTされた！
[23-Jul-2020 22:47:31 Asia/Tokyo] POSTされた！
[23-Jul-2020 22:47:31 Asia/Tokyo] POSTされた！
[23-Jul-2020 22:47:32 Asia/Tokyo] POSTされた！
[23-Jul-2020 22:47:32 Asia/Tokyo] POSTされた！
[23-Jul-2020 22:47:32 Asia/Tokyo] POSTされた！
[23-Jul-2020 22:47:32 Asia/Tokyo] POSTされた！
[23-Jul-2020 22:47:32 Asia/Tokyo] POSTされた！
[23-Jul-2020 22:47:33 Asia/Tokyo] POSTされた！
[23-Jul-2020 22:47:33 Asia/Tokyo] POSTされた！
[23-Jul-2020 22:47:33 Asia/Tokyo] POSTされた！
[23-Jul-2020 22:47:33 Asia/Tokyo] POSTされた！
[23-Jul-2020 22:47:34 Asia/Tokyo] POSTされた！
[23-Jul-2020 22:47:34 Asia/Tokyo] POSTされた！
[23-Jul-2020 22:47:35 Asia/Tokyo] POSTされた！
[23-Jul-2020 22:47:35 Asia/Tokyo] POSTされた！
[23-Jul-2020 22:47:36 Asia/Tokyo] POSTされた！
[23-Jul-2020 23:11:12 Asia/Tokyo] POSTされた！
[23-Jul-2020 23:11:16 Asia/Tokyo] POSTされた！
[23-Jul-2020 23:11:18 Asia/Tokyo] POSTされた！
[23-Jul-2020 23:11:21 Asia/Tokyo] POSTされた！
[23-Jul-2020 23:11:34 Asia/Tokyo] POSTされた！
[23-Jul-2020 23:11:36 Asia/Tokyo] POSTされた！
[23-Jul-2020 23:11:39 Asia/Tokyo] POSTされた！
[23-Jul-2020 23:21:34 Asia/Tokyo] POSTされた！
[23-Jul-2020 23:21:35 Asia/Tokyo] POSTされた！
[23-Jul-2020 23:21:37 Asia/Tokyo] POSTされた！
[23-Jul-2020 23:21:49 Asia/Tokyo] POSTされた！
[23-Jul-2020 23:22:09 Asia/Tokyo] POSTされた！
[23-Jul-2020 23:22:12 Asia/Tokyo] POSTされた！
[23-Jul-2020 23:22:13 Asia/Tokyo] POSTされた！
[23-Jul-2020 23:22:15 Asia/Tokyo] POSTされた！
[23-Jul-2020 23:47:11 Asia/Tokyo] POSTされた！
[24-Jul-2020 00:02:35 Asia/Tokyo] POSTされた！
[24-Jul-2020 00:02:40 Asia/Tokyo] POSTされた！
[24-Jul-2020 00:02:41 Asia/Tokyo] POSTされた！
[24-Jul-2020 00:06:48 Asia/Tokyo] POSTされた！
[24-Jul-2020 00:06:51 Asia/Tokyo] POSTされた！
[24-Jul-2020 00:06:55 Asia/Tokyo] POSTされた！
[24-Jul-2020 00:13:28 Asia/Tokyo] POSTされた！
[24-Jul-2020 00:13:29 Asia/Tokyo] POSTされた！
[24-Jul-2020 00:14:16 Asia/Tokyo] POSTされた！
[24-Jul-2020 00:14:22 Asia/Tokyo] POSTされた！
[24-Jul-2020 00:14:28 Asia/Tokyo] POSTされた！
[24-Jul-2020 00:14:31 Asia/Tokyo] POSTされた！
[24-Jul-2020 00:14:31 Asia/Tokyo] PHP Notice:  Undefined index: human in /Applications/MAMP/htdocs/php_obj_op/index.php on line 274
[24-Jul-2020 00:14:31 Asia/Tokyo] PHP Fatal error:  Uncaught Error: Call to a member function getHp() on null in /Applications/MAMP/htdocs/php_obj_op/index.php:274
Stack trace:
#0 {main}
  thrown in /Applications/MAMP/htdocs/php_obj_op/index.php on line 274
[24-Jul-2020 00:14:37 Asia/Tokyo] POSTされた！
[24-Jul-2020 00:14:37 Asia/Tokyo] PHP Notice:  Undefined index: human in /Applications/MAMP/htdocs/php_obj_op/index.php on line 176
[24-Jul-2020 00:14:37 Asia/Tokyo] PHP Fatal error:  Uncaught Error: Call to a member function getName() on null in /Applications/MAMP/htdocs/php_obj_op/index.php:176
Stack trace:
#0 {main}
  thrown in /Applications/MAMP/htdocs/php_obj_op/index.php on line 176
[24-Jul-2020 00:14:50 Asia/Tokyo] PHP Notice:  Undefined index: human in /Applications/MAMP/htdocs/php_obj_op/index.php on line 274
[24-Jul-2020 00:14:50 Asia/Tokyo] PHP Fatal error:  Uncaught Error: Call to a member function getHp() on null in /Applications/MAMP/htdocs/php_obj_op/index.php:274
Stack trace:
#0 {main}
  thrown in /Applications/MAMP/htdocs/php_obj_op/index.php on line 274
[24-Jul-2020 00:15:01 Asia/Tokyo] PHP Notice:  Undefined index: human in /Applications/MAMP/htdocs/php_obj_op/index.php on line 274
[24-Jul-2020 00:15:01 Asia/Tokyo] PHP Fatal error:  Uncaught Error: Call to a member function getHp() on null in /Applications/MAMP/htdocs/php_obj_op/index.php:274
Stack trace:
#0 {main}
  thrown in /Applications/MAMP/htdocs/php_obj_op/index.php on line 274
[24-Jul-2020 00:15:02 Asia/Tokyo] PHP Notice:  Undefined index: human in /Applications/MAMP/htdocs/php_obj_op/index.php on line 274
[24-Jul-2020 00:15:02 Asia/Tokyo] PHP Fatal error:  Uncaught Error: Call to a member function getHp() on null in /Applications/MAMP/htdocs/php_obj_op/index.php:274
Stack trace:
#0 {main}
  thrown in /Applications/MAMP/htdocs/php_obj_op/index.php on line 274
[24-Jul-2020 00:15:06 Asia/Tokyo] PHP Notice:  Undefined index: human in /Applications/MAMP/htdocs/php_obj_op/index.php on line 274
[24-Jul-2020 00:15:06 Asia/Tokyo] PHP Fatal error:  Uncaught Error: Call to a member function getHp() on null in /Applications/MAMP/htdocs/php_obj_op/index.php:274
Stack trace:
#0 {main}
  thrown in /Applications/MAMP/htdocs/php_obj_op/index.php on line 274
[24-Jul-2020 00:16:54 Asia/Tokyo] POSTされた！
[24-Jul-2020 00:16:56 Asia/Tokyo] POSTされた！
[24-Jul-2020 00:16:59 Asia/Tokyo] POSTされた！
[24-Jul-2020 00:17:01 Asia/Tokyo] POSTされた！
[24-Jul-2020 00:17:28 Asia/Tokyo] POSTされた！
[24-Jul-2020 00:17:30 Asia/Tokyo] POSTされた！
[24-Jul-2020 00:17:31 Asia/Tokyo] POSTされた！
[24-Jul-2020 00:17:42 Asia/Tokyo] POSTされた！
[24-Jul-2020 00:18:27 Asia/Tokyo] POSTされた！
[24-Jul-2020 00:18:30 Asia/Tokyo] POSTされた！
[24-Jul-2020 00:18:32 Asia/Tokyo] POSTされた！
[24-Jul-2020 00:18:34 Asia/Tokyo] POSTされた！
[24-Jul-2020 00:18:36 Asia/Tokyo] POSTされた！
[24-Jul-2020 00:18:37 Asia/Tokyo] POSTされた！
[24-Jul-2020 00:18:37 Asia/Tokyo] PHP Notice:  Undefined index: human in /Applications/MAMP/htdocs/php_obj_op/index.php on line 274
[24-Jul-2020 00:18:37 Asia/Tokyo] PHP Fatal error:  Uncaught Error: Call to a member function getHp() on null in /Applications/MAMP/htdocs/php_obj_op/index.php:274
Stack trace:
#0 {main}
  thrown in /Applications/MAMP/htdocs/php_obj_op/index.php on line 274
[24-Jul-2020 00:20:42 Asia/Tokyo] POSTされた！
[24-Jul-2020 00:20:42 Asia/Tokyo] PHP Notice:  Undefined index: human in /Applications/MAMP/htdocs/php_obj_op/index.php on line 176
[24-Jul-2020 00:20:42 Asia/Tokyo] PHP Fatal error:  Uncaught Error: Call to a member function getName() on null in /Applications/MAMP/htdocs/php_obj_op/index.php:176
Stack trace:
#0 {main}
  thrown in /Applications/MAMP/htdocs/php_obj_op/index.php on line 176
[24-Jul-2020 00:20:52 Asia/Tokyo] PHP Notice:  Undefined index: human in /Applications/MAMP/htdocs/php_obj_op/index.php on line 274
[24-Jul-2020 00:20:52 Asia/Tokyo] PHP Fatal error:  Uncaught Error: Call to a member function getHp() on null in /Applications/MAMP/htdocs/php_obj_op/index.php:274
Stack trace:
#0 {main}
  thrown in /Applications/MAMP/htdocs/php_obj_op/index.php on line 274
[24-Jul-2020 00:20:53 Asia/Tokyo] PHP Notice:  Undefined index: human in /Applications/MAMP/htdocs/php_obj_op/index.php on line 274
[24-Jul-2020 00:20:53 Asia/Tokyo] PHP Fatal error:  Uncaught Error: Call to a member function getHp() on null in /Applications/MAMP/htdocs/php_obj_op/index.php:274
Stack trace:
#0 {main}
  thrown in /Applications/MAMP/htdocs/php_obj_op/index.php on line 274
[24-Jul-2020 00:20:56 Asia/Tokyo] PHP Notice:  Undefined index: human in /Applications/MAMP/htdocs/php_obj_op/index.php on line 274
[24-Jul-2020 00:20:56 Asia/Tokyo] PHP Fatal error:  Uncaught Error: Call to a member function getHp() on null in /Applications/MAMP/htdocs/php_obj_op/index.php:274
Stack trace:
#0 {main}
  thrown in /Applications/MAMP/htdocs/php_obj_op/index.php on line 274
[24-Jul-2020 00:21:38 Asia/Tokyo] PHP Notice:  Undefined index: human in /Applications/MAMP/htdocs/php_obj_op/index.php on line 274
[24-Jul-2020 00:21:38 Asia/Tokyo] PHP Fatal error:  Uncaught Error: Call to a member function getHp() on null in /Applications/MAMP/htdocs/php_obj_op/index.php:274
Stack trace:
#0 {main}
  thrown in /Applications/MAMP/htdocs/php_obj_op/index.php on line 274
[24-Jul-2020 00:21:39 Asia/Tokyo] PHP Notice:  Undefined index: human in /Applications/MAMP/htdocs/php_obj_op/index.php on line 274
[24-Jul-2020 00:21:39 Asia/Tokyo] PHP Fatal error:  Uncaught Error: Call to a member function getHp() on null in /Applications/MAMP/htdocs/php_obj_op/index.php:274
Stack trace:
#0 {main}
  thrown in /Applications/MAMP/htdocs/php_obj_op/index.php on line 274
[24-Jul-2020 00:21:59 Asia/Tokyo] PHP Notice:  Undefined index: human in /Applications/MAMP/htdocs/php_obj_op/index.php on line 274
[24-Jul-2020 00:21:59 Asia/Tokyo] PHP Fatal error:  Uncaught Error: Call to a member function getHp() on null in /Applications/MAMP/htdocs/php_obj_op/index.php:274
Stack trace:
#0 {main}
  thrown in /Applications/MAMP/htdocs/php_obj_op/index.php on line 274
[24-Jul-2020 00:22:04 Asia/Tokyo] PHP Notice:  Undefined index: human in /Applications/MAMP/htdocs/php_obj_op/index.php on line 274
[24-Jul-2020 00:22:05 Asia/Tokyo] PHP Fatal error:  Uncaught Error: Call to a member function getHp() on null in /Applications/MAMP/htdocs/php_obj_op/index.php:274
Stack trace:
#0 {main}
  thrown in /Applications/MAMP/htdocs/php_obj_op/index.php on line 274
[24-Jul-2020 00:22:16 Asia/Tokyo] PHP Notice:  Undefined index: human in /Applications/MAMP/htdocs/php_obj_op/index.php on line 274
[24-Jul-2020 00:22:16 Asia/Tokyo] PHP Fatal error:  Uncaught Error: Call to a member function getHp() on null in /Applications/MAMP/htdocs/php_obj_op/index.php:274
Stack trace:
#0 {main}
  thrown in /Applications/MAMP/htdocs/php_obj_op/index.php on line 274
[24-Jul-2020 00:22:32 Asia/Tokyo] PHP Notice:  Undefined index: trainer in /Applications/MAMP/htdocs/php_obj_op/index.php on line 277
[24-Jul-2020 00:22:32 Asia/Tokyo] PHP Fatal error:  Uncaught Error: Call to a member function getHp() on null in /Applications/MAMP/htdocs/php_obj_op/index.php:277
Stack trace:
#0 {main}
  thrown in /Applications/MAMP/htdocs/php_obj_op/index.php on line 277
[24-Jul-2020 00:22:34 Asia/Tokyo] PHP Notice:  Undefined index: trainer in /Applications/MAMP/htdocs/php_obj_op/index.php on line 277
[24-Jul-2020 00:22:34 Asia/Tokyo] PHP Fatal error:  Uncaught Error: Call to a member function getHp() on null in /Applications/MAMP/htdocs/php_obj_op/index.php:277
Stack trace:
#0 {main}
  thrown in /Applications/MAMP/htdocs/php_obj_op/index.php on line 277
[24-Jul-2020 00:23:12 Asia/Tokyo] POSTされた！
[24-Jul-2020 00:23:22 Asia/Tokyo] POSTされた！
[24-Jul-2020 00:23:24 Asia/Tokyo] POSTされた！
[24-Jul-2020 00:24:03 Asia/Tokyo] POSTされた！
[24-Jul-2020 00:24:03 Asia/Tokyo] PHP Notice:  Undefined index: trainer in /Applications/MAMP/htdocs/php_obj_op/index.php on line 276
[24-Jul-2020 00:24:03 Asia/Tokyo] PHP Fatal error:  Uncaught Error: Call to a member function getHp() on null in /Applications/MAMP/htdocs/php_obj_op/index.php:276
Stack trace:
#0 {main}
  thrown in /Applications/MAMP/htdocs/php_obj_op/index.php on line 276
[24-Jul-2020 00:25:18 Asia/Tokyo] POSTされた！
[24-Jul-2020 00:25:18 Asia/Tokyo] PHP Notice:  Undefined index: human in /Applications/MAMP/htdocs/php_obj_op/index.php on line 176
[24-Jul-2020 00:25:18 Asia/Tokyo] PHP Fatal error:  Uncaught Error: Call to a member function getName() on null in /Applications/MAMP/htdocs/php_obj_op/index.php:176
Stack trace:
#0 {main}
  thrown in /Applications/MAMP/htdocs/php_obj_op/index.php on line 176
[24-Jul-2020 00:26:01 Asia/Tokyo] POSTされた！
[24-Jul-2020 00:26:01 Asia/Tokyo] PHP Notice:  Undefined index: human in /Applications/MAMP/htdocs/php_obj_op/index.php on line 176
[24-Jul-2020 00:26:01 Asia/Tokyo] PHP Fatal error:  Uncaught Error: Call to a member function getName() on null in /Applications/MAMP/htdocs/php_obj_op/index.php:176
Stack trace:
#0 {main}
  thrown in /Applications/MAMP/htdocs/php_obj_op/index.php on line 176
[24-Jul-2020 00:26:04 Asia/Tokyo] POSTされた！
[24-Jul-2020 00:26:04 Asia/Tokyo] PHP Notice:  Undefined index: human in /Applications/MAMP/htdocs/php_obj_op/index.php on line 176
[24-Jul-2020 00:26:04 Asia/Tokyo] PHP Fatal error:  Uncaught Error: Call to a member function getName() on null in /Applications/MAMP/htdocs/php_obj_op/index.php:176
Stack trace:
#0 {main}
  thrown in /Applications/MAMP/htdocs/php_obj_op/index.php on line 176
[24-Jul-2020 00:26:15 Asia/Tokyo] POSTされた！
[24-Jul-2020 00:26:24 Asia/Tokyo] POSTされた！
[24-Jul-2020 00:26:27 Asia/Tokyo] POSTされた！
[24-Jul-2020 00:26:30 Asia/Tokyo] POSTされた！
[24-Jul-2020 00:26:35 Asia/Tokyo] POSTされた！
[24-Jul-2020 00:26:37 Asia/Tokyo] POSTされた！
[24-Jul-2020 09:22:31 Asia/Tokyo] POSTされた！
[24-Jul-2020 09:22:33 Asia/Tokyo] POSTされた！
[24-Jul-2020 09:22:42 Asia/Tokyo] POSTされた！
[24-Jul-2020 09:22:44 Asia/Tokyo] POSTされた！
[24-Jul-2020 12:06:09 Asia/Tokyo] POSTされた！
[24-Jul-2020 12:06:09 Asia/Tokyo] PHP Notice:  Undefined index: human in /Applications/MAMP/htdocs/php_obj_op/index.php on line 176
[24-Jul-2020 12:06:09 Asia/Tokyo] PHP Fatal error:  Uncaught Error: Call to a member function getName() on null in /Applications/MAMP/htdocs/php_obj_op/index.php:176
Stack trace:
#0 {main}
  thrown in /Applications/MAMP/htdocs/php_obj_op/index.php on line 176
[24-Jul-2020 13:38:09 Asia/Tokyo] POSTされた！
[24-Jul-2020 13:38:15 Asia/Tokyo] POSTされた！
[24-Jul-2020 13:38:15 Asia/Tokyo] PHP Notice:  Undefined index: human in /Applications/MAMP/htdocs/php_obj_op/index.php on line 176
[24-Jul-2020 13:38:15 Asia/Tokyo] PHP Fatal error:  Uncaught Error: Call to a member function getName() on null in /Applications/MAMP/htdocs/php_obj_op/index.php:176
Stack trace:
#0 {main}
  thrown in /Applications/MAMP/htdocs/php_obj_op/index.php on line 176
[24-Jul-2020 13:38:35 Asia/Tokyo] POSTされた！
[24-Jul-2020 13:38:38 Asia/Tokyo] POSTされた！
[24-Jul-2020 13:38:42 Asia/Tokyo] POSTされた！
[24-Jul-2020 13:38:44 Asia/Tokyo] POSTされた！
[24-Jul-2020 13:39:01 Asia/Tokyo] POSTされた！
[24-Jul-2020 13:39:09 Asia/Tokyo] POSTされた！
[24-Jul-2020 20:33:10 Asia/Tokyo] POSTされた！
[24-Jul-2020 20:33:10 Asia/Tokyo] PHP Notice:  Undefined index: human in /Applications/MAMP/htdocs/php_obj_op/index.php on line 176
[24-Jul-2020 20:33:10 Asia/Tokyo] PHP Fatal error:  Uncaught Error: Call to a member function getName() on null in /Applications/MAMP/htdocs/php_obj_op/index.php:176
Stack trace:
#0 {main}
  thrown in /Applications/MAMP/htdocs/php_obj_op/index.php on line 176
[24-Jul-2020 20:33:17 Asia/Tokyo] POSTされた！
[24-Jul-2020 20:33:20 Asia/Tokyo] POSTされた！
[24-Jul-2020 20:33:23 Asia/Tokyo] POSTされた！
[25-Jul-2020 20:23:08 Asia/Tokyo] POSTされた！
[25-Jul-2020 20:23:11 Asia/Tokyo] POSTされた！
[25-Jul-2020 20:23:14 Asia/Tokyo] POSTされた！
[25-Jul-2020 20:23:16 Asia/Tokyo] POSTされた！
[25-Jul-2020 20:23:21 Asia/Tokyo] POSTされた！
[25-Jul-2020 20:23:24 Asia/Tokyo] POSTされた！
[25-Jul-2020 20:35:44 Asia/Tokyo] POSTされた！
[25-Jul-2020 20:36:40 Asia/Tokyo] POSTされた！
[25-Jul-2020 20:39:04 Asia/Tokyo] POSTされた！
[25-Jul-2020 20:42:02 Asia/Tokyo] POSTされた！
[25-Jul-2020 20:43:17 Asia/Tokyo] POSTされた！
[25-Jul-2020 20:46:53 Asia/Tokyo] POSTされた！
[25-Jul-2020 20:51:23 Asia/Tokyo] POSTされた！
[25-Jul-2020 20:53:22 Asia/Tokyo] POSTされた！
[25-Jul-2020 20:53:57 Asia/Tokyo] POSTされた！
[25-Jul-2020 20:54:29 Asia/Tokyo] POSTされた！
[25-Jul-2020 20:56:25 Asia/Tokyo] POSTされた！
[25-Jul-2020 21:01:49 Asia/Tokyo] POSTされた！
[25-Jul-2020 21:03:59 Asia/Tokyo] POSTされた！
[25-Jul-2020 21:07:03 Asia/Tokyo] POSTされた！
[25-Jul-2020 21:07:55 Asia/Tokyo] POSTされた！
[25-Jul-2020 21:08:32 Asia/Tokyo] POSTされた！
[25-Jul-2020 21:09:43 Asia/Tokyo] POSTされた！
[25-Jul-2020 21:25:00 Asia/Tokyo] POSTされた！
[25-Jul-2020 21:32:06 Asia/Tokyo] POSTされた！
[25-Jul-2020 21:37:25 Asia/Tokyo] POSTされた！
[25-Jul-2020 21:39:01 Asia/Tokyo] POSTされた！
[25-Jul-2020 21:41:23 Asia/Tokyo] POSTされた！
[25-Jul-2020 22:08:46 Asia/Tokyo] POSTされた！
[25-Jul-2020 22:08:48 Asia/Tokyo] POSTされた！
[25-Jul-2020 22:08:52 Asia/Tokyo] POSTされた！
[25-Jul-2020 22:08:54 Asia/Tokyo] POSTされた！
[25-Jul-2020 22:08:59 Asia/Tokyo] POSTされた！
[25-Jul-2020 22:10:34 Asia/Tokyo] POSTされた！
[25-Jul-2020 22:11:52 Asia/Tokyo] POSTされた！
[25-Jul-2020 22:11:56 Asia/Tokyo] POSTされた！
[25-Jul-2020 22:12:00 Asia/Tokyo] POSTされた！
[25-Jul-2020 22:12:04 Asia/Tokyo] POSTされた！
[25-Jul-2020 22:12:06 Asia/Tokyo] POSTされた！
[26-Jul-2020 12:37:32 Asia/Tokyo] POSTされた！
[26-Jul-2020 13:34:10 Asia/Tokyo] POSTされた！
[26-Jul-2020 13:34:11 Asia/Tokyo] POSTされた！
[26-Jul-2020 13:34:43 Asia/Tokyo] POSTされた！
[26-Jul-2020 13:35:14 Asia/Tokyo] POSTされた！
[26-Jul-2020 13:35:16 Asia/Tokyo] POSTされた！
[26-Jul-2020 13:35:17 Asia/Tokyo] POSTされた！
[26-Jul-2020 13:35:49 Asia/Tokyo] POSTされた！
[26-Jul-2020 14:45:51 Asia/Tokyo] POSTされた！
[26-Jul-2020 18:16:13 Asia/Tokyo] POSTされた！
[26-Jul-2020 18:17:49 Asia/Tokyo] POSTされた！
[26-Jul-2020 18:18:37 Asia/Tokyo] POSTされた！
[26-Jul-2020 18:19:11 Asia/Tokyo] POSTされた！
[26-Jul-2020 18:19:16 Asia/Tokyo] POSTされた！
[26-Jul-2020 18:19:19 Asia/Tokyo] POSTされた！
[26-Jul-2020 18:21:27 Asia/Tokyo] POSTされた！
[26-Jul-2020 18:21:33 Asia/Tokyo] POSTされた！
[26-Jul-2020 18:21:36 Asia/Tokyo] POSTされた！
[26-Jul-2020 18:21:43 Asia/Tokyo] POSTされた！
[26-Jul-2020 18:21:45 Asia/Tokyo] POSTされた！
[26-Jul-2020 18:21:51 Asia/Tokyo] POSTされた！
[26-Jul-2020 18:21:52 Asia/Tokyo] POSTされた！
[26-Jul-2020 18:21:52 Asia/Tokyo] POSTされた！
[26-Jul-2020 18:24:04 Asia/Tokyo] POSTされた！
[26-Jul-2020 18:24:04 Asia/Tokyo] PHP Fatal error:  Uncaught Error: Call to undefined method Human::getImg() in /Applications/MAMP/htdocs/php_obj_op/index.php:292
Stack trace:
#0 {main}
  thrown in /Applications/MAMP/htdocs/php_obj_op/index.php on line 292
[26-Jul-2020 18:24:59 Asia/Tokyo] POSTされた！
[26-Jul-2020 18:24:59 Asia/Tokyo] PHP Fatal error:  Uncaught Error: Call to undefined method Human::getImg() in /Applications/MAMP/htdocs/php_obj_op/index.php:292
Stack trace:
#0 {main}
  thrown in /Applications/MAMP/htdocs/php_obj_op/index.php on line 292
[26-Jul-2020 18:25:25 Asia/Tokyo] POSTされた！
[26-Jul-2020 18:25:25 Asia/Tokyo] PHP Fatal error:  Uncaught Error: Call to undefined method Human::getImg() in /Applications/MAMP/htdocs/php_obj_op/index.php:292
Stack trace:
#0 {main}
  thrown in /Applications/MAMP/htdocs/php_obj_op/index.php on line 292
[26-Jul-2020 18:25:38 Asia/Tokyo] POSTされた！
[26-Jul-2020 18:25:38 Asia/Tokyo] PHP Fatal error:  Uncaught Error: Call to undefined method Human::getImg() in /Applications/MAMP/htdocs/php_obj_op/index.php:292
Stack trace:
#0 {main}
  thrown in /Applications/MAMP/htdocs/php_obj_op/index.php on line 292
[26-Jul-2020 18:26:25 Asia/Tokyo] POSTされた！
[29-Jul-2020 06:53:13 Asia/Tokyo] POSTされた！
[29-Jul-2020 06:53:19 Asia/Tokyo] POSTされた！
[29-Jul-2020 06:53:19 Asia/Tokyo] PHP Notice:  Undefined index: human in /Applications/MAMP/htdocs/php_obj_op/index.php on line 176
[29-Jul-2020 06:53:19 Asia/Tokyo] PHP Fatal error:  Uncaught Error: Call to a member function getName() on null in /Applications/MAMP/htdocs/php_obj_op/index.php:176
Stack trace:
#0 {main}
  thrown in /Applications/MAMP/htdocs/php_obj_op/index.php on line 176
[29-Jul-2020 06:53:23 Asia/Tokyo] POSTされた！
[29-Jul-2020 06:53:23 Asia/Tokyo] PHP Notice:  Undefined index: human in /Applications/MAMP/htdocs/php_obj_op/index.php on line 176
[29-Jul-2020 06:53:23 Asia/Tokyo] PHP Fatal error:  Uncaught Error: Call to a member function getName() on null in /Applications/MAMP/htdocs/php_obj_op/index.php:176
Stack trace:
#0 {main}
  thrown in /Applications/MAMP/htdocs/php_obj_op/index.php on line 176
[29-Jul-2020 06:53:30 Asia/Tokyo] POSTされた！
[29-Jul-2020 06:53:30 Asia/Tokyo] PHP Notice:  Undefined index: knockDownCount in /Applications/MAMP/htdocs/php_obj_op/index.php on line 289
[29-Jul-2020 06:53:30 Asia/Tokyo] PHP Notice:  Undefined index: human in /Applications/MAMP/htdocs/php_obj_op/index.php on line 293
[29-Jul-2020 06:53:30 Asia/Tokyo] PHP Fatal error:  Uncaught Error: Call to a member function getHp() on null in /Applications/MAMP/htdocs/php_obj_op/index.php:293
Stack trace:
#0 {main}
  thrown in /Applications/MAMP/htdocs/php_obj_op/index.php on line 293
[29-Jul-2020 06:53:53 Asia/Tokyo] PHP Notice:  Undefined index: knockDownCount in /Applications/MAMP/htdocs/php_obj_op/index.php on line 289
[29-Jul-2020 06:53:53 Asia/Tokyo] PHP Notice:  Undefined index: human in /Applications/MAMP/htdocs/php_obj_op/index.php on line 293
[29-Jul-2020 06:53:53 Asia/Tokyo] PHP Fatal error:  Uncaught Error: Call to a member function getHp() on null in /Applications/MAMP/htdocs/php_obj_op/index.php:293
Stack trace:
#0 {main}
  thrown in /Applications/MAMP/htdocs/php_obj_op/index.php on line 293
[29-Jul-2020 06:53:53 Asia/Tokyo] PHP Notice:  Undefined index: knockDownCount in /Applications/MAMP/htdocs/php_obj_op/index.php on line 289
[29-Jul-2020 06:53:53 Asia/Tokyo] PHP Notice:  Undefined index: human in /Applications/MAMP/htdocs/php_obj_op/index.php on line 293
[29-Jul-2020 06:53:53 Asia/Tokyo] PHP Fatal error:  Uncaught Error: Call to a member function getHp() on null in /Applications/MAMP/htdocs/php_obj_op/index.php:293
Stack trace:
#0 {main}
  thrown in /Applications/MAMP/htdocs/php_obj_op/index.php on line 293
[29-Jul-2020 06:57:29 Asia/Tokyo] PHP Notice:  Undefined index: knockDownCount in /Applications/MAMP/htdocs/php_obj_op/index.php on line 293
[29-Jul-2020 06:57:29 Asia/Tokyo] PHP Notice:  Undefined index: human in /Applications/MAMP/htdocs/php_obj_op/index.php on line 297
[29-Jul-2020 06:57:29 Asia/Tokyo] PHP Fatal error:  Uncaught Error: Call to a member function getHp() on null in /Applications/MAMP/htdocs/php_obj_op/index.php:297
Stack trace:
#0 {main}
  thrown in /Applications/MAMP/htdocs/php_obj_op/index.php on line 297
[29-Jul-2020 06:57:45 Asia/Tokyo] POSTされた！
[29-Jul-2020 06:58:20 Asia/Tokyo] POSTされた！
[29-Jul-2020 06:59:31 Asia/Tokyo] POSTされた！
[29-Jul-2020 07:00:07 Asia/Tokyo] POSTされた！
[29-Jul-2020 07:02:25 Asia/Tokyo] POSTされた！
[29-Jul-2020 07:02:37 Asia/Tokyo] POSTされた！
[29-Jul-2020 07:04:06 Asia/Tokyo] POSTされた！
[29-Jul-2020 07:04:11 Asia/Tokyo] POSTされた！
[29-Jul-2020 07:04:17 Asia/Tokyo] POSTされた！
[29-Jul-2020 07:04:24 Asia/Tokyo] POSTされた！
[29-Jul-2020 07:04:26 Asia/Tokyo] POSTされた！
[29-Jul-2020 07:09:28 Asia/Tokyo] POSTされた！
[29-Jul-2020 07:09:31 Asia/Tokyo] POSTされた！
[29-Jul-2020 07:09:31 Asia/Tokyo] PHP Notice:  Undefined variable: drinkFlg in /Applications/MAMP/htdocs/php_obj_op/index.php on line 201
[29-Jul-2020 07:09:33 Asia/Tokyo] POSTされた！
[29-Jul-2020 07:09:33 Asia/Tokyo] PHP Notice:  Undefined variable: drinkFlg in /Applications/MAMP/htdocs/php_obj_op/index.php on line 201
[29-Jul-2020 07:10:03 Asia/Tokyo] POSTされた！
[29-Jul-2020 07:10:03 Asia/Tokyo] PHP Notice:  Undefined variable: drinkFlg in /Applications/MAMP/htdocs/php_obj_op/index.php on line 200
[29-Jul-2020 07:10:05 Asia/Tokyo] POSTされた！
[29-Jul-2020 07:10:07 Asia/Tokyo] POSTされた！
[29-Jul-2020 07:10:07 Asia/Tokyo] PHP Notice:  Undefined variable: drinkFlg in /Applications/MAMP/htdocs/php_obj_op/index.php on line 200
[29-Jul-2020 07:10:10 Asia/Tokyo] POSTされた！
[29-Jul-2020 07:10:10 Asia/Tokyo] PHP Notice:  Undefined variable: drinkFlg in /Applications/MAMP/htdocs/php_obj_op/index.php on line 200
[29-Jul-2020 07:10:12 Asia/Tokyo] POSTされた！
[29-Jul-2020 07:10:12 Asia/Tokyo] PHP Notice:  Undefined variable: drinkFlg in /Applications/MAMP/htdocs/php_obj_op/index.php on line 200
[29-Jul-2020 07:10:14 Asia/Tokyo] POSTされた！
[29-Jul-2020 07:10:14 Asia/Tokyo] PHP Notice:  Undefined variable: drinkFlg in /Applications/MAMP/htdocs/php_obj_op/index.php on line 200
[29-Jul-2020 07:14:41 Asia/Tokyo] POSTされた！
[29-Jul-2020 07:14:41 Asia/Tokyo] PHP Notice:  Undefined variable: drinkFlg in /Applications/MAMP/htdocs/php_obj_op/index.php on line 200
[29-Jul-2020 07:14:44 Asia/Tokyo] POSTされた！
[29-Jul-2020 07:14:44 Asia/Tokyo] PHP Notice:  Undefined variable: drinkFlg in /Applications/MAMP/htdocs/php_obj_op/index.php on line 200
[29-Jul-2020 07:14:45 Asia/Tokyo] POSTされた！
[29-Jul-2020 07:14:45 Asia/Tokyo] PHP Notice:  Undefined variable: drinkFlg in /Applications/MAMP/htdocs/php_obj_op/index.php on line 200
[29-Jul-2020 07:14:47 Asia/Tokyo] POSTされた！
[29-Jul-2020 07:14:47 Asia/Tokyo] PHP Notice:  Undefined variable: drinkFlg in /Applications/MAMP/htdocs/php_obj_op/index.php on line 200
[29-Jul-2020 07:14:48 Asia/Tokyo] POSTされた！
[29-Jul-2020 07:15:26 Asia/Tokyo] PHP Fatal error:  Uncaught Error: Call to undefined function empyt() in /Applications/MAMP/htdocs/php_obj_op/index.php:171
Stack trace:
#0 {main}
  thrown in /Applications/MAMP/htdocs/php_obj_op/index.php on line 171
[29-Jul-2020 07:16:05 Asia/Tokyo] POSTされた！
[29-Jul-2020 07:16:51 Asia/Tokyo] POSTされた！
[29-Jul-2020 07:16:54 Asia/Tokyo] POSTされた！
[29-Jul-2020 07:16:54 Asia/Tokyo] PHP Notice:  Undefined variable: drinkFlg in /Applications/MAMP/htdocs/php_obj_op/index.php on line 200
[29-Jul-2020 07:17:31 Asia/Tokyo] POSTされた！
[29-Jul-2020 07:17:31 Asia/Tokyo] PHP Notice:  Undefined variable: drinkFlg in /Applications/MAMP/htdocs/php_obj_op/index.php on line 200
[29-Jul-2020 07:18:53 Asia/Tokyo] POSTされた！
[29-Jul-2020 07:18:53 Asia/Tokyo] PHP Notice:  Undefined variable: drinkFlg in /Applications/MAMP/htdocs/php_obj_op/index.php on line 200
[29-Jul-2020 07:18:59 Asia/Tokyo] POSTされた！
[29-Jul-2020 07:18:59 Asia/Tokyo] PHP Notice:  Undefined variable: drinkFlg in /Applications/MAMP/htdocs/php_obj_op/index.php on line 200
[29-Jul-2020 07:19:02 Asia/Tokyo] POSTされた！
[29-Jul-2020 07:19:02 Asia/Tokyo] PHP Notice:  Undefined variable: drinkFlg in /Applications/MAMP/htdocs/php_obj_op/index.php on line 200
[29-Jul-2020 07:19:30 Asia/Tokyo] POSTされた！
[29-Jul-2020 07:19:31 Asia/Tokyo] POSTされた！
[29-Jul-2020 07:19:33 Asia/Tokyo] POSTされた！
[29-Jul-2020 07:43:05 Asia/Tokyo] POSTされた！
[29-Jul-2020 07:43:47 Asia/Tokyo] POSTされた！
[29-Jul-2020 07:44:49 Asia/Tokyo] POSTされた！
[29-Jul-2020 07:45:33 Asia/Tokyo] PHP Notice:  Undefined index: knockDownCount in /Applications/MAMP/htdocs/php_obj_op/index.php on line 296
[29-Jul-2020 07:45:33 Asia/Tokyo] PHP Notice:  Undefined index: human in /Applications/MAMP/htdocs/php_obj_op/index.php on line 299
[29-Jul-2020 07:45:33 Asia/Tokyo] PHP Fatal error:  Uncaught Error: Call to a member function getImg() on null in /Applications/MAMP/htdocs/php_obj_op/index.php:299
Stack trace:
#0 {main}
  thrown in /Applications/MAMP/htdocs/php_obj_op/index.php on line 299
[29-Jul-2020 07:45:46 Asia/Tokyo] POSTされた！
[29-Jul-2020 07:45:50 Asia/Tokyo] POSTされた！
[29-Jul-2020 07:48:17 Asia/Tokyo] POSTされた！
[29-Jul-2020 07:49:16 Asia/Tokyo] POSTされた！
[29-Jul-2020 07:49:30 Asia/Tokyo] POSTされた！
[29-Jul-2020 07:49:32 Asia/Tokyo] POSTされた！
[29-Jul-2020 07:51:53 Asia/Tokyo] POSTされた！
[29-Jul-2020 07:51:54 Asia/Tokyo] POSTされた！
[29-Jul-2020 07:51:55 Asia/Tokyo] POSTされた！
[29-Jul-2020 07:57:59 Asia/Tokyo] POSTされた！
[29-Jul-2020 07:58:01 Asia/Tokyo] POSTされた！
[29-Jul-2020 07:58:03 Asia/Tokyo] POSTされた！
[29-Jul-2020 07:58:11 Asia/Tokyo] POSTされた！
[29-Jul-2020 07:58:13 Asia/Tokyo] POSTされた！
[29-Jul-2020 07:58:14 Asia/Tokyo] POSTされた！
[29-Jul-2020 07:58:56 Asia/Tokyo] POSTされた！
[29-Jul-2020 07:58:58 Asia/Tokyo] POSTされた！
[29-Jul-2020 07:58:59 Asia/Tokyo] POSTされた！
[29-Jul-2020 07:59:01 Asia/Tokyo] POSTされた！
[29-Jul-2020 07:59:04 Asia/Tokyo] POSTされた！
[29-Jul-2020 07:59:09 Asia/Tokyo] POSTされた！
[29-Jul-2020 07:59:11 Asia/Tokyo] POSTされた！
[29-Jul-2020 07:59:14 Asia/Tokyo] POSTされた！
[29-Jul-2020 07:59:19 Asia/Tokyo] POSTされた！
[29-Jul-2020 07:59:24 Asia/Tokyo] POSTされた！
[29-Jul-2020 07:59:34 Asia/Tokyo] POSTされた！
[29-Jul-2020 07:59:37 Asia/Tokyo] POSTされた！
[29-Jul-2020 08:04:48 Asia/Tokyo] POSTされた！
[29-Jul-2020 08:04:50 Asia/Tokyo] POSTされた！
[29-Jul-2020 08:04:55 Asia/Tokyo] POSTされた！
[29-Jul-2020 08:05:08 Asia/Tokyo] POSTされた！
[29-Jul-2020 08:05:10 Asia/Tokyo] POSTされた！
[29-Jul-2020 08:05:13 Asia/Tokyo] POSTされた！
[29-Jul-2020 08:05:15 Asia/Tokyo] POSTされた！
[29-Jul-2020 08:05:16 Asia/Tokyo] POSTされた！
[29-Jul-2020 08:06:54 Asia/Tokyo] POSTされた！
[29-Jul-2020 08:06:54 Asia/Tokyo] PHP Notice:  Undefined index: human in /Applications/MAMP/htdocs/php_obj_op/index.php on line 181
[29-Jul-2020 08:06:54 Asia/Tokyo] PHP Fatal error:  Uncaught Error: Call to a member function getName() on null in /Applications/MAMP/htdocs/php_obj_op/index.php:181
Stack trace:
#0 {main}
  thrown in /Applications/MAMP/htdocs/php_obj_op/index.php on line 181
[29-Jul-2020 08:07:41 Asia/Tokyo] POSTされた！
[29-Jul-2020 08:09:06 Asia/Tokyo] POSTされた！
[29-Jul-2020 08:09:11 Asia/Tokyo] POSTされた！
[29-Jul-2020 08:09:12 Asia/Tokyo] POSTされた！
[29-Jul-2020 08:09:14 Asia/Tokyo] POSTされた！
[29-Jul-2020 08:09:24 Asia/Tokyo] POSTされた！
[29-Jul-2020 08:09:27 Asia/Tokyo] POSTされた！
[29-Jul-2020 08:09:34 Asia/Tokyo] POSTされた！
[29-Jul-2020 08:09:44 Asia/Tokyo] POSTされた！
